#
# There is insufficient memory for the Java Runtime Environment to continue.
# Native memory allocation (malloc) failed to allocate 32744 bytes for ChunkPool::allocate
# Possible reasons:
#   The system is out of physical RAM or swap space
#   The process is running with CompressedOops enabled, and the Java Heap may be blocking the growth of the native heap
# Possible solutions:
#   Reduce memory load on the system
#   Increase physical memory or swap space
#   Check if swap backing store is full
#   Decrease Java heap size (-Xmx/-Xms)
#   Decrease number of Java threads
#   Decrease Java thread stack sizes (-Xss)
#   Set larger code cache with -XX:ReservedCodeCacheSize=
#   JVM is running with Unscaled Compressed Oops mode in which the Java heap is
#     placed in the first 4GB address space. The Java Heap base address is the
#     maximum limit for the native heap growth. Please use -XX:HeapBaseMinAddress
#     to set the Java Heap base and to place the Java Heap above 4GB virtual address.
# This output file may be truncated or incomplete.
#
#  Out of Memory Error (arena.cpp:78), pid=8924, tid=10172
#
# JRE version: Java(TM) SE Runtime Environment (17.0.10+11) (build 17.0.10+11-LTS-240)
# Java VM: Java HotSpot(TM) 64-Bit Server VM (17.0.10+11-LTS-240, mixed mode, sharing, tiered, compressed oops, compressed class ptrs, g1 gc, windows-amd64)
# No core dump will be written. Minidumps are not enabled by default on client versions of Windows
#

---------------  S U M M A R Y ------------

Command Line: -Xmx64m -Xms64m -Dorg.gradle.appname=gradlew org.gradle.wrapper.GradleWrapperMain assembleRelease --warning-mode all --stacktrace

Host: 11th Gen Intel(R) Core(TM) i5-1135G7 @ 2.40GHz, 8 cores, 15G,  Windows 11 , 64 bit Build 22621 (10.0.22621.3672)
Time: Wed Jun 12 22:53:35 2024 India Standard Time elapsed time: 51.629791 seconds (0d 0h 0m 51s)

---------------  T H R E A D  ---------------

Current thread (0x000001ce58b5afd0):  JavaThread "C1 CompilerThread0" daemon [_thread_in_native, id=10172, stack(0x0000007d50f00000,0x0000007d51000000)]


Current CompileTask:
C1:  51629 1744   !   3       java.util.concurrent.ScheduledThreadPoolExecutor$DelayedWorkQueue::take (203 bytes)

Stack: [0x0000007d50f00000,0x0000007d51000000]
Native frames: (J=compiled Java code, j=interpreted, Vv=VM code, C=native code)
V  [jvm.dll+0x677a5a]
V  [jvm.dll+0x7d8b2d]
V  [jvm.dll+0x7da48e]
V  [jvm.dll+0x7daaf3]
V  [jvm.dll+0x2455ff]
V  [jvm.dll+0xaad50]
V  [jvm.dll+0xab09c]
V  [jvm.dll+0xb67bd]
V  [jvm.dll+0x15ef1e]
V  [jvm.dll+0x16b239]
V  [jvm.dll+0x16b32f]
V  [jvm.dll+0x160a71]
V  [jvm.dll+0x15da0e]
V  [jvm.dll+0x14bc50]
V  [jvm.dll+0x134da7]
V  [jvm.dll+0x13474f]
V  [jvm.dll+0x134988]
V  [jvm.dll+0x133e21]
V  [jvm.dll+0x135abd]
V  [jvm.dll+0x226aeb]
V  [jvm.dll+0x224cab]
V  [jvm.dll+0x78e45c]
V  [jvm.dll+0x78888a]
V  [jvm.dll+0x676935]
C  [ucrtbase.dll+0x29333]
C  [KERNEL32.DLL+0x1257d]
C  [ntdll.dll+0x5af28]


---------------  P R O C E S S  ---------------

Threads class SMR info:
_java_thread_list=0x000001ce9f7f8a60, length=15, elements={
0x000001ce3f3a6a20, 0x000001ce3f44f460, 0x000001ce3f450020, 0x000001ce3f461ef0,
0x000001ce3f4649c0, 0x000001ce3f46b3b0, 0x000001ce3f46bd70, 0x000001ce58b35fe0,
0x000001ce58b5afd0, 0x000001ce58b641a0, 0x000001ce9e074950, 0x000001ce9e0850e0,
0x000001ce9e672ec0, 0x000001ce9e320f10, 0x000001ce9f0dde80
}

Java Threads: ( => current thread )
  0x000001ce3f3a6a20 JavaThread "main" [_thread_in_native, id=18556, stack(0x0000007d50100000,0x0000007d50200000)]
  0x000001ce3f44f460 JavaThread "Reference Handler" daemon [_thread_blocked, id=9180, stack(0x0000007d50800000,0x0000007d50900000)]
  0x000001ce3f450020 JavaThread "Finalizer" daemon [_thread_blocked, id=4768, stack(0x0000007d50900000,0x0000007d50a00000)]
  0x000001ce3f461ef0 JavaThread "Signal Dispatcher" daemon [_thread_blocked, id=16952, stack(0x0000007d50a00000,0x0000007d50b00000)]
  0x000001ce3f4649c0 JavaThread "Attach Listener" daemon [_thread_blocked, id=18788, stack(0x0000007d50b00000,0x0000007d50c00000)]
  0x000001ce3f46b3b0 JavaThread "Service Thread" daemon [_thread_blocked, id=14368, stack(0x0000007d50c00000,0x0000007d50d00000)]
  0x000001ce3f46bd70 JavaThread "Monitor Deflation Thread" daemon [_thread_blocked, id=9772, stack(0x0000007d50d00000,0x0000007d50e00000)]
  0x000001ce58b35fe0 JavaThread "C2 CompilerThread0" daemon [_thread_blocked, id=9352, stack(0x0000007d50e00000,0x0000007d50f00000)]
=>0x000001ce58b5afd0 JavaThread "C1 CompilerThread0" daemon [_thread_in_native, id=10172, stack(0x0000007d50f00000,0x0000007d51000000)]
  0x000001ce58b641a0 JavaThread "Sweeper thread" daemon [_thread_blocked, id=10708, stack(0x0000007d51000000,0x0000007d51100000)]
  0x000001ce9e074950 JavaThread "Notification Thread" daemon [_thread_blocked, id=13988, stack(0x0000007d51100000,0x0000007d51200000)]
  0x000001ce9e0850e0 JavaThread "Common-Cleaner" daemon [_thread_blocked, id=13572, stack(0x0000007d51300000,0x0000007d51400000)]
  0x000001ce9e672ec0 JavaThread "pool-1-thread-1" [_thread_blocked, id=10132, stack(0x0000007d51a00000,0x0000007d51b00000)]
  0x000001ce9e320f10 JavaThread "DisconnectableInputStream source reader" daemon [_thread_in_native, id=16864, stack(0x0000007d51b00000,0x0000007d51c00000)]
  0x000001ce9f0dde80 JavaThread "Forward input" [_thread_blocked, id=13648, stack(0x0000007d51c00000,0x0000007d51d00000)]

Other Threads:
  0x000001ce3f4489a0 VMThread "VM Thread" [stack: 0x0000007d50700000,0x0000007d50800000] [id=6160]
  0x000001ce9e084e50 WatcherThread [stack: 0x0000007d51200000,0x0000007d51300000] [id=10048]
  0x000001ce3f3c7250 GCTaskThread "GC Thread#0" [stack: 0x0000007d50200000,0x0000007d50300000] [id=17840]
  0x000001ce9e619440 GCTaskThread "GC Thread#1" [stack: 0x0000007d51600000,0x0000007d51700000] [id=16720]
  0x000001ce9ee15620 GCTaskThread "GC Thread#2" [stack: 0x0000007d51700000,0x0000007d51800000] [id=18372]
  0x000001ce9eb6dff0 GCTaskThread "GC Thread#3" [stack: 0x0000007d51800000,0x0000007d51900000] [id=6756]
  0x000001ce9f7adbc0 GCTaskThread "GC Thread#4" [stack: 0x0000007d51900000,0x0000007d51a00000] [id=1212]
  0x000001ce3f3c99b0 ConcurrentGCThread "G1 Main Marker" [stack: 0x0000007d50300000,0x0000007d50400000] [id=2416]
  0x000001ce3f3ca3c0 ConcurrentGCThread "G1 Conc#0" [stack: 0x0000007d50400000,0x0000007d50500000] [id=5968]
  0x000001ce3f42ec80 ConcurrentGCThread "G1 Refine#0" [stack: 0x0000007d50500000,0x0000007d50600000] [id=14136]
  0x000001ce3f42f6b0 ConcurrentGCThread "G1 Service" [stack: 0x0000007d50600000,0x0000007d50700000] [id=13140]

Threads with active compile tasks:
C1 CompilerThread0    51660 1744   !   3       java.util.concurrent.ScheduledThreadPoolExecutor$DelayedWorkQueue::take (203 bytes)

VM state: not at safepoint (normal execution)

VM Mutex/Monitor currently owned by a thread: None

Heap address: 0x00000000fc000000, size: 64 MB, Compressed Oops mode: 32-bit

CDS archive(s) mapped at: [0x000001ce59000000-0x000001ce59bd0000-0x000001ce59bd0000), size 12386304, SharedBaseAddress: 0x000001ce59000000, ArchiveRelocationMode: 1.
Compressed class space mapped at: 0x000001ce5a000000-0x000001ce9a000000, reserved size: 1073741824
Narrow klass base: 0x000001ce59000000, Narrow klass shift: 0, Narrow klass range: 0x100000000

GC Precious Log:
 CPUs: 8 total, 8 available
 Memory: 16026M
 Large Page Support: Disabled
 NUMA Support: Disabled
 Compressed Oops: Enabled (32-bit)
 Heap Region Size: 1M
 Heap Min Capacity: 64M
 Heap Initial Capacity: 64M
 Heap Max Capacity: 64M
 Pre-touch: Disabled
 Parallel Workers: 8
 Concurrent Workers: 2
 Concurrent Refinement Workers: 8
 Periodic GC: Disabled

Heap:
 garbage-first heap   total 65536K, used 30976K [0x00000000fc000000, 0x0000000100000000)
  region size 1024K, 24 young (24576K), 3 survivors (3072K)
 Metaspace       used 9639K, committed 9856K, reserved 1114112K
  class space    used 1255K, committed 1344K, reserved 1048576K

Heap Regions: E=young(eden), S=young(survivor), O=old, HS=humongous(starts), HC=humongous(continues), CS=collection set, F=free, OA=open archive, CA=closed archive, TAMS=top-at-mark-start (previous, next)
|   0|0x00000000fc000000, 0x00000000fc100000, 0x00000000fc100000|100%|HS|  |TAMS 0x00000000fc000000, 0x00000000fc000000| Complete 
|   1|0x00000000fc100000, 0x00000000fc200000, 0x00000000fc200000|100%|HC|  |TAMS 0x00000000fc100000, 0x00000000fc100000| Complete 
|   2|0x00000000fc200000, 0x00000000fc300000, 0x00000000fc300000|100%|HC|  |TAMS 0x00000000fc200000, 0x00000000fc200000| Complete 
|   3|0x00000000fc300000, 0x00000000fc400000, 0x00000000fc400000|100%|HC|  |TAMS 0x00000000fc300000, 0x00000000fc300000| Complete 
|   4|0x00000000fc400000, 0x00000000fc500000, 0x00000000fc500000|100%| O|  |TAMS 0x00000000fc400000, 0x00000000fc400000| Untracked 
|   5|0x00000000fc500000, 0x00000000fc600000, 0x00000000fc600000|100%| O|  |TAMS 0x00000000fc500000, 0x00000000fc500000| Untracked 
|   6|0x00000000fc600000, 0x00000000fc700000, 0x00000000fc700000|100%| O|  |TAMS 0x00000000fc600000, 0x00000000fc600000| Untracked 
|   7|0x00000000fc700000, 0x00000000fc740000, 0x00000000fc800000| 25%| O|  |TAMS 0x00000000fc700000, 0x00000000fc700000| Untracked 
|   8|0x00000000fc800000, 0x00000000fc800000, 0x00000000fc900000|  0%| F|  |TAMS 0x00000000fc800000, 0x00000000fc800000| Untracked 
|   9|0x00000000fc900000, 0x00000000fc900000, 0x00000000fca00000|  0%| F|  |TAMS 0x00000000fc900000, 0x00000000fc900000| Untracked 
|  10|0x00000000fca00000, 0x00000000fca00000, 0x00000000fcb00000|  0%| F|  |TAMS 0x00000000fca00000, 0x00000000fca00000| Untracked 
|  11|0x00000000fcb00000, 0x00000000fcb00000, 0x00000000fcc00000|  0%| F|  |TAMS 0x00000000fcb00000, 0x00000000fcb00000| Untracked 
|  12|0x00000000fcc00000, 0x00000000fcc00000, 0x00000000fcd00000|  0%| F|  |TAMS 0x00000000fcc00000, 0x00000000fcc00000| Untracked 
|  13|0x00000000fcd00000, 0x00000000fcd00000, 0x00000000fce00000|  0%| F|  |TAMS 0x00000000fcd00000, 0x00000000fcd00000| Untracked 
|  14|0x00000000fce00000, 0x00000000fce00000, 0x00000000fcf00000|  0%| F|  |TAMS 0x00000000fce00000, 0x00000000fce00000| Untracked 
|  15|0x00000000fcf00000, 0x00000000fcf00000, 0x00000000fd000000|  0%| F|  |TAMS 0x00000000fcf00000, 0x00000000fcf00000| Untracked 
|  16|0x00000000fd000000, 0x00000000fd000000, 0x00000000fd100000|  0%| F|  |TAMS 0x00000000fd000000, 0x00000000fd000000| Untracked 
|  17|0x00000000fd100000, 0x00000000fd100000, 0x00000000fd200000|  0%| F|  |TAMS 0x00000000fd100000, 0x00000000fd100000| Untracked 
|  18|0x00000000fd200000, 0x00000000fd200000, 0x00000000fd300000|  0%| F|  |TAMS 0x00000000fd200000, 0x00000000fd200000| Untracked 
|  19|0x00000000fd300000, 0x00000000fd300000, 0x00000000fd400000|  0%| F|  |TAMS 0x00000000fd300000, 0x00000000fd300000| Untracked 
|  20|0x00000000fd400000, 0x00000000fd400000, 0x00000000fd500000|  0%| F|  |TAMS 0x00000000fd400000, 0x00000000fd400000| Untracked 
|  21|0x00000000fd500000, 0x00000000fd500000, 0x00000000fd600000|  0%| F|  |TAMS 0x00000000fd500000, 0x00000000fd500000| Untracked 
|  22|0x00000000fd600000, 0x00000000fd600000, 0x00000000fd700000|  0%| F|  |TAMS 0x00000000fd600000, 0x00000000fd600000| Untracked 
|  23|0x00000000fd700000, 0x00000000fd700000, 0x00000000fd800000|  0%| F|  |TAMS 0x00000000fd700000, 0x00000000fd700000| Untracked 
|  24|0x00000000fd800000, 0x00000000fd800000, 0x00000000fd900000|  0%| F|  |TAMS 0x00000000fd800000, 0x00000000fd800000| Untracked 
|  25|0x00000000fd900000, 0x00000000fd900000, 0x00000000fda00000|  0%| F|  |TAMS 0x00000000fd900000, 0x00000000fd900000| Untracked 
|  26|0x00000000fda00000, 0x00000000fda00000, 0x00000000fdb00000|  0%| F|  |TAMS 0x00000000fda00000, 0x00000000fda00000| Untracked 
|  27|0x00000000fdb00000, 0x00000000fdb00000, 0x00000000fdc00000|  0%| F|  |TAMS 0x00000000fdb00000, 0x00000000fdb00000| Untracked 
|  28|0x00000000fdc00000, 0x00000000fdc00000, 0x00000000fdd00000|  0%| F|  |TAMS 0x00000000fdc00000, 0x00000000fdc00000| Untracked 
|  29|0x00000000fdd00000, 0x00000000fdd00000, 0x00000000fde00000|  0%| F|  |TAMS 0x00000000fdd00000, 0x00000000fdd00000| Untracked 
|  30|0x00000000fde00000, 0x00000000fde00000, 0x00000000fdf00000|  0%| F|  |TAMS 0x00000000fde00000, 0x00000000fde00000| Untracked 
|  31|0x00000000fdf00000, 0x00000000fdf00000, 0x00000000fe000000|  0%| F|  |TAMS 0x00000000fdf00000, 0x00000000fdf00000| Untracked 
|  32|0x00000000fe000000, 0x00000000fe000000, 0x00000000fe100000|  0%| F|  |TAMS 0x00000000fe000000, 0x00000000fe000000| Untracked 
|  33|0x00000000fe100000, 0x00000000fe100000, 0x00000000fe200000|  0%| F|  |TAMS 0x00000000fe100000, 0x00000000fe100000| Untracked 
|  34|0x00000000fe200000, 0x00000000fe200000, 0x00000000fe300000|  0%| F|  |TAMS 0x00000000fe200000, 0x00000000fe200000| Untracked 
|  35|0x00000000fe300000, 0x00000000fe300000, 0x00000000fe400000|  0%| F|  |TAMS 0x00000000fe300000, 0x00000000fe300000| Untracked 
|  36|0x00000000fe400000, 0x00000000fe400000, 0x00000000fe500000|  0%| F|  |TAMS 0x00000000fe400000, 0x00000000fe400000| Untracked 
|  37|0x00000000fe500000, 0x00000000fe500000, 0x00000000fe600000|  0%| F|  |TAMS 0x00000000fe500000, 0x00000000fe500000| Untracked 
|  38|0x00000000fe600000, 0x00000000fe700000, 0x00000000fe700000|100%| S|CS|TAMS 0x00000000fe600000, 0x00000000fe600000| Complete 
|  39|0x00000000fe700000, 0x00000000fe800000, 0x00000000fe800000|100%| S|CS|TAMS 0x00000000fe700000, 0x00000000fe700000| Complete 
|  40|0x00000000fe800000, 0x00000000fe900000, 0x00000000fe900000|100%| S|CS|TAMS 0x00000000fe800000, 0x00000000fe800000| Complete 
|  41|0x00000000fe900000, 0x00000000fe900000, 0x00000000fea00000|  0%| F|  |TAMS 0x00000000fe900000, 0x00000000fe900000| Untracked 
|  42|0x00000000fea00000, 0x00000000fea00000, 0x00000000feb00000|  0%| F|  |TAMS 0x00000000fea00000, 0x00000000fea00000| Untracked 
|  43|0x00000000feb00000, 0x00000000febe1cd0, 0x00000000fec00000| 88%| E|  |TAMS 0x00000000feb00000, 0x00000000feb00000| Complete 
|  44|0x00000000fec00000, 0x00000000fed00000, 0x00000000fed00000|100%| E|CS|TAMS 0x00000000fec00000, 0x00000000fec00000| Complete 
|  45|0x00000000fed00000, 0x00000000fee00000, 0x00000000fee00000|100%| E|CS|TAMS 0x00000000fed00000, 0x00000000fed00000| Complete 
|  46|0x00000000fee00000, 0x00000000fef00000, 0x00000000fef00000|100%| E|CS|TAMS 0x00000000fee00000, 0x00000000fee00000| Complete 
|  47|0x00000000fef00000, 0x00000000ff000000, 0x00000000ff000000|100%| E|CS|TAMS 0x00000000fef00000, 0x00000000fef00000| Complete 
|  48|0x00000000ff000000, 0x00000000ff100000, 0x00000000ff100000|100%| E|CS|TAMS 0x00000000ff000000, 0x00000000ff000000| Complete 
|  49|0x00000000ff100000, 0x00000000ff200000, 0x00000000ff200000|100%| E|CS|TAMS 0x00000000ff100000, 0x00000000ff100000| Complete 
|  50|0x00000000ff200000, 0x00000000ff300000, 0x00000000ff300000|100%| E|CS|TAMS 0x00000000ff200000, 0x00000000ff200000| Complete 
|  51|0x00000000ff300000, 0x00000000ff400000, 0x00000000ff400000|100%| E|CS|TAMS 0x00000000ff300000, 0x00000000ff300000| Complete 
|  52|0x00000000ff400000, 0x00000000ff500000, 0x00000000ff500000|100%| E|CS|TAMS 0x00000000ff400000, 0x00000000ff400000| Complete 
|  53|0x00000000ff500000, 0x00000000ff600000, 0x00000000ff600000|100%| E|CS|TAMS 0x00000000ff500000, 0x00000000ff500000| Complete 
|  54|0x00000000ff600000, 0x00000000ff700000, 0x00000000ff700000|100%| E|CS|TAMS 0x00000000ff600000, 0x00000000ff600000| Complete 
|  55|0x00000000ff700000, 0x00000000ff800000, 0x00000000ff800000|100%| E|CS|TAMS 0x00000000ff700000, 0x00000000ff700000| Complete 
|  56|0x00000000ff800000, 0x00000000ff900000, 0x00000000ff900000|100%| E|CS|TAMS 0x00000000ff800000, 0x00000000ff800000| Complete 
|  57|0x00000000ff900000, 0x00000000ffa00000, 0x00000000ffa00000|100%| E|CS|TAMS 0x00000000ff900000, 0x00000000ff900000| Complete 
|  58|0x00000000ffa00000, 0x00000000ffb00000, 0x00000000ffb00000|100%| E|CS|TAMS 0x00000000ffa00000, 0x00000000ffa00000| Complete 
|  59|0x00000000ffb00000, 0x00000000ffc00000, 0x00000000ffc00000|100%| E|CS|TAMS 0x00000000ffb00000, 0x00000000ffb00000| Complete 
|  60|0x00000000ffc00000, 0x00000000ffd00000, 0x00000000ffd00000|100%| E|CS|TAMS 0x00000000ffc00000, 0x00000000ffc00000| Complete 
|  61|0x00000000ffd00000, 0x00000000ffe00000, 0x00000000ffe00000|100%| E|CS|TAMS 0x00000000ffd00000, 0x00000000ffd00000| Complete 
|  62|0x00000000ffe00000, 0x00000000fff00000, 0x00000000fff00000|100%| E|CS|TAMS 0x00000000ffe00000, 0x00000000ffe00000| Complete 
|  63|0x00000000fff00000, 0x0000000100000000, 0x0000000100000000|100%| E|CS|TAMS 0x00000000fff00000, 0x00000000fff00000| Complete 

Card table byte_map: [0x000001ce3d340000,0x000001ce3d360000] _byte_map_base: 0x000001ce3cb60000

Marking Bits (Prev, Next): (CMBitMap*) 0x000001ce3f3c8880, (CMBitMap*) 0x000001ce3f3c88c0
 Prev Bits: [0x000001ce55f80000, 0x000001ce56080000)
 Next Bits: [0x000001ce56080000, 0x000001ce56180000)

Polling page: 0x000001ce3d2f0000

Metaspace:

Usage:
  Non-class:      8.19 MB used.
      Class:      1.23 MB used.
       Both:      9.41 MB used.

Virtual space:
  Non-class space:       64.00 MB reserved,       8.31 MB ( 13%) committed,  1 nodes.
      Class space:        1.00 GB reserved,       1.31 MB ( <1%) committed,  1 nodes.
             Both:        1.06 GB reserved,       9.62 MB ( <1%) committed. 

Chunk freelists:
   Non-Class:  7.53 MB
       Class:  14.58 MB
        Both:  22.11 MB

MaxMetaspaceSize: unlimited
CompressedClassSpaceSize: 1.00 GB
Initial GC threshold: 21.00 MB
Current GC threshold: 21.00 MB
CDS: on
MetaspaceReclaimPolicy: balanced
 - commit_granule_bytes: 65536.
 - commit_granule_words: 8192.
 - virtual_space_node_default_size: 8388608.
 - enlarge_chunks_in_place: 1.
 - new_chunks_are_fully_committed: 0.
 - uncommit_free_chunks: 1.
 - use_allocation_guard: 0.
 - handle_deallocations: 1.


Internal statistics:

num_allocs_failed_limit: 0.
num_arena_births: 82.
num_arena_deaths: 0.
num_vsnodes_births: 2.
num_vsnodes_deaths: 0.
num_space_committed: 154.
num_space_uncommitted: 0.
num_chunks_returned_to_freelist: 0.
num_chunks_taken_from_freelist: 340.
num_chunk_merges: 0.
num_chunk_splits: 234.
num_chunks_enlarged: 197.
num_inconsistent_stats: 0.

CodeHeap 'non-profiled nmethods': size=120000Kb used=695Kb max_used=695Kb free=119305Kb
 bounds [0x000001ce4e720000, 0x000001ce4e990000, 0x000001ce55c50000]
CodeHeap 'profiled nmethods': size=120000Kb used=3316Kb max_used=3316Kb free=116683Kb
 bounds [0x000001ce46c50000, 0x000001ce46f90000, 0x000001ce4e180000]
CodeHeap 'non-nmethods': size=5760Kb used=1184Kb max_used=1206Kb free=4575Kb
 bounds [0x000001ce4e180000, 0x000001ce4e3f0000, 0x000001ce4e720000]
 total_blobs=2212 nmethods=1742 adapters=383
 compilation: enabled
              stopped_count=0, restarted_count=0
 full_count=0

Compilation events (20 events):
Event: 46.423 Thread 0x000001ce58b35fe0 nmethod 1734 0x000001ce4e7cc710 code [0x000001ce4e7cc880, 0x000001ce4e7cc918]
Event: 48.393 Thread 0x000001ce58b5afd0 1735       3       com.esotericsoftware.kryo.io.Input::readUtf8 (90 bytes)
Event: 48.394 Thread 0x000001ce58b35fe0 1736       4       java.nio.Buffer::position (52 bytes)
Event: 48.394 Thread 0x000001ce58b5afd0 nmethod 1735 0x000001ce46f86890 code [0x000001ce46f86a60, 0x000001ce46f86e58]
Event: 48.394 Thread 0x000001ce58b5afd0 1737       3       org.gradle.internal.logging.events.RenderableOutputEvent::<init> (15 bytes)
Event: 48.394 Thread 0x000001ce58b5afd0 nmethod 1737 0x000001ce46f87090 code [0x000001ce46f87240, 0x000001ce46f87578]
Event: 48.394 Thread 0x000001ce58b5afd0 1738       3       org.gradle.internal.logging.events.StyledTextOutputEvent::<init> (24 bytes)
Event: 48.394 Thread 0x000001ce58b5afd0 nmethod 1738 0x000001ce46f87690 code [0x000001ce46f87840, 0x000001ce46f87a78]
Event: 48.394 Thread 0x000001ce58b35fe0 nmethod 1736 0x000001ce4e7cca10 code [0x000001ce4e7ccb80, 0x000001ce4e7ccc58]
Event: 48.394 Thread 0x000001ce58b35fe0 1739   !   4       org.gradle.internal.serialize.kryo.KryoBackedDecoder::readSmallInt (16 bytes)
Event: 48.403 Thread 0x000001ce58b35fe0 nmethod 1739 0x000001ce4e7ccd10 code [0x000001ce4e7ccf00, 0x000001ce4e7cd640]
Event: 48.441 Thread 0x000001ce58b5afd0 1740       3       org.gradle.internal.logging.console.StyledTextOutputBackedRenderer::onOutput (260 bytes)
Event: 48.444 Thread 0x000001ce58b5afd0 nmethod 1740 0x000001ce46f87b90 code [0x000001ce46f88000, 0x000001ce46f8ab68]
Event: 48.445 Thread 0x000001ce58b5afd0 1741       3       org.gradle.internal.logging.events.StyledTextOutputEvent::render (55 bytes)
Event: 48.446 Thread 0x000001ce58b5afd0 nmethod 1741 0x000001ce46f8b610 code [0x000001ce46f8b840, 0x000001ce46f8c2a8]
Event: 48.446 Thread 0x000001ce58b5afd0 1742       3       com.google.common.base.Objects::equal (23 bytes)
Event: 48.446 Thread 0x000001ce58b5afd0 nmethod 1742 0x000001ce46f8c610 code [0x000001ce46f8c7c0, 0x000001ce46f8ca48]
Event: 51.620 Thread 0x000001ce58b5afd0 1743       3       org.gradle.internal.logging.console.AnsiConsole$1::execute (42 bytes)
Event: 51.621 Thread 0x000001ce58b5afd0 nmethod 1743 0x000001ce46f8cb10 code [0x000001ce46f8cce0, 0x000001ce46f8d078]
Event: 51.621 Thread 0x000001ce58b5afd0 1744   !   3       java.util.concurrent.ScheduledThreadPoolExecutor$DelayedWorkQueue::take (203 bytes)

GC Heap History (2 events):
Event: 0.436 GC heap before
{Heap before GC invocations=0 (full 0):
 garbage-first heap   total 65536K, used 26624K [0x00000000fc000000, 0x0000000100000000)
  region size 1024K, 23 young (23552K), 0 survivors (0K)
 Metaspace       used 3669K, committed 3840K, reserved 1114112K
  class space    used 448K, committed 512K, reserved 1048576K
}
Event: 0.442 GC heap after
{Heap after GC invocations=1 (full 0):
 garbage-first heap   total 65536K, used 10496K [0x00000000fc000000, 0x0000000100000000)
  region size 1024K, 3 young (3072K), 3 survivors (3072K)
 Metaspace       used 3669K, committed 3840K, reserved 1114112K
  class space    used 448K, committed 512K, reserved 1048576K
}

Deoptimization events (20 events):
Event: 0.774 Thread 0x000001ce3f3a6a20 DEOPT PACKING pc=0x000001ce4e771978 sp=0x0000007d501fb9f0
Event: 0.774 Thread 0x000001ce3f3a6a20 DEOPT UNPACKING pc=0x000001ce4e1d5ba3 sp=0x0000007d501fb9a8 mode 2
Event: 6.712 Thread 0x000001ce9e672ec0 Uncommon trap: trap_request=0xffffff45 fr.pc=0x000001ce4e7b5320 relative=0x0000000000000520
Event: 6.712 Thread 0x000001ce9e672ec0 Uncommon trap: reason=unstable_if action=reinterpret pc=0x000001ce4e7b5320 method=org.gradle.internal.logging.text.AbstractLineChoppingStyledTextOutput$2.execute(Lorg/gradle/internal/logging/text/AbstractLineChoppingStyledTextOutput$StateContext;)V @ 34 c
Event: 6.712 Thread 0x000001ce9e672ec0 DEOPT PACKING pc=0x000001ce4e7b5320 sp=0x0000007d51afed10
Event: 6.712 Thread 0x000001ce9e672ec0 DEOPT UNPACKING pc=0x000001ce4e1d5ba3 sp=0x0000007d51afeb98 mode 2
Event: 6.713 Thread 0x000001ce9e672ec0 Uncommon trap: trap_request=0xffffff45 fr.pc=0x000001ce4e7b6a7c relative=0x000000000000051c
Event: 6.713 Thread 0x000001ce9e672ec0 Uncommon trap: reason=unstable_if action=reinterpret pc=0x000001ce4e7b6a7c method=org.gradle.internal.logging.text.AbstractLineChoppingStyledTextOutput$2.execute(Lorg/gradle/internal/logging/text/AbstractLineChoppingStyledTextOutput$StateContext;)V @ 34 c
Event: 6.713 Thread 0x000001ce9e672ec0 DEOPT PACKING pc=0x000001ce4e7b6a7c sp=0x0000007d51afe930
Event: 6.713 Thread 0x000001ce9e672ec0 DEOPT UNPACKING pc=0x000001ce4e1d5ba3 sp=0x0000007d51afe830 mode 2
Event: 6.713 Thread 0x000001ce9e672ec0 Uncommon trap: trap_request=0xffffff45 fr.pc=0x000001ce4e7b79e8 relative=0x0000000000000388
Event: 6.713 Thread 0x000001ce9e672ec0 Uncommon trap: reason=unstable_if action=reinterpret pc=0x000001ce4e7b79e8 method=org.gradle.internal.logging.text.AbstractLineChoppingStyledTextOutput$2.execute(Lorg/gradle/internal/logging/text/AbstractLineChoppingStyledTextOutput$StateContext;)V @ 34 c
Event: 6.713 Thread 0x000001ce9e672ec0 DEOPT PACKING pc=0x000001ce4e7b79e8 sp=0x0000007d51afec00
Event: 6.713 Thread 0x000001ce9e672ec0 DEOPT UNPACKING pc=0x000001ce4e1d5ba3 sp=0x0000007d51afebc0 mode 2
Event: 42.544 Thread 0x000001ce9e672ec0 DEOPT PACKING pc=0x000001ce46eb9274 sp=0x0000007d51afee30
Event: 42.544 Thread 0x000001ce9e672ec0 DEOPT UNPACKING pc=0x000001ce4e1d66e3 sp=0x0000007d51afe300 mode 0
Event: 44.469 Thread 0x000001ce3f3a6a20 Uncommon trap: trap_request=0xffffff45 fr.pc=0x000001ce4e7c42e4 relative=0x0000000000000544
Event: 44.469 Thread 0x000001ce3f3a6a20 Uncommon trap: reason=unstable_if action=reinterpret pc=0x000001ce4e7c42e4 method=com.esotericsoftware.kryo.io.Input.readUtf8(I)V @ 79 c2
Event: 44.469 Thread 0x000001ce3f3a6a20 DEOPT PACKING pc=0x000001ce4e7c42e4 sp=0x0000007d501fc290
Event: 44.469 Thread 0x000001ce3f3a6a20 DEOPT UNPACKING pc=0x000001ce4e1d5ba3 sp=0x0000007d501fc228 mode 2

Classes unloaded (0 events):
No events

Classes redefined (0 events):
No events

Internal exceptions (20 events):
Event: 0.098 Thread 0x000001ce3f3a6a20 Exception <a 'java/lang/NoSuchMethodError'{0x00000000ffc74fd8}: 'int java.lang.invoke.DirectMethodHandle$Holder.invokeStaticInit(java.lang.Object, java.lang.Object)'> (0x00000000ffc74fd8) 
thrown [s\open\src\hotspot\share\interpreter\linkResolver.cpp, line 759]
Event: 0.420 Thread 0x000001ce3f3a6a20 Exception <a 'java/lang/NoSuchMethodError'{0x00000000fe982ae0}: 'void java.lang.invoke.DirectMethodHandle$Holder.invokeStatic(java.lang.Object, java.lang.Object)'> (0x00000000fe982ae0) 
thrown [s\open\src\hotspot\share\interpreter\linkResolver.cpp, line 759]
Event: 0.448 Thread 0x000001ce3f3a6a20 Exception <a 'java/lang/NoClassDefFoundError'{0x00000000fff32c08}: org/slf4j/impl/StaticMarkerBinder> (0x00000000fff32c08) 
thrown [s\open\src\hotspot\share\classfile\systemDictionary.cpp, line 245]
Event: 0.461 Thread 0x000001ce3f3a6a20 Exception <a 'java/lang/NoSuchMethodError'{0x00000000ffe145b8}: 'java.lang.Object java.lang.invoke.DirectMethodHandle$Holder.invokeVirtual(java.lang.Object, java.lang.Object, java.lang.Object, java.lang.Object, java.lang.Object, java.lang.Object, java.lang.Object)'> (0x00000000ffe145b8) 
thrown [s\open\src\hotspot\share\interpreter\linkResolver.cpp, line 759]
Event: 0.463 Thread 0x000001ce3f3a6a20 Exception <a 'java/lang/NoSuchMethodError'{0x00000000ffe25b30}: 'java.lang.Object java.lang.invoke.Invokers$Holder.invoker(java.lang.Object, java.lang.Object, java.lang.Object)'> (0x00000000ffe25b30) 
thrown [s\open\src\hotspot\share\interpreter\linkResolver.cpp, line 759]
Event: 0.464 Thread 0x000001ce3f3a6a20 Exception <a 'java/lang/NoSuchMethodError'{0x00000000ffe2ed08}: 'java.lang.Object java.lang.invoke.DirectMethodHandle$Holder.invokeStatic(java.lang.Object, java.lang.Object, int)'> (0x00000000ffe2ed08) 
thrown [s\open\src\hotspot\share\interpreter\linkResolver.cpp, line 759]
Event: 0.466 Thread 0x000001ce3f3a6a20 Exception <a 'java/lang/NoSuchMethodError'{0x00000000ffe3a9f8}: 'void java.lang.invoke.DelegatingMethodHandle$Holder.delegate(java.lang.Object, java.lang.Object, int, java.lang.Object)'> (0x00000000ffe3a9f8) 
thrown [s\open\src\hotspot\share\interpreter\linkResolver.cpp, line 759]
Event: 0.466 Thread 0x000001ce3f3a6a20 Exception <a 'java/lang/NoSuchMethodError'{0x00000000ffe3ebc0}: 'int java.lang.invoke.DirectMethodHandle$Holder.invokeSpecial(java.lang.Object, java.lang.Object, java.lang.Object)'> (0x00000000ffe3ebc0) 
thrown [s\open\src\hotspot\share\interpreter\linkResolver.cpp, line 759]
Event: 0.470 Thread 0x000001ce3f3a6a20 Exception <a 'java/lang/NoSuchMethodError'{0x00000000ffe51d08}: 'java.lang.Object java.lang.invoke.Invokers$Holder.invokeExact_MT(java.lang.Object, java.lang.Object, java.lang.Object, java.lang.Object)'> (0x00000000ffe51d08) 
thrown [s\open\src\hotspot\share\interpreter\linkResolver.cpp, line 759]
Event: 0.562 Thread 0x000001ce3f3a6a20 Exception <a 'java/lang/NoSuchMethodError'{0x00000000ff879df0}: 'void java.lang.invoke.DirectMethodHandle$Holder.invokeSpecial(java.lang.Object, java.lang.Object, java.lang.Object)'> (0x00000000ff879df0) 
thrown [s\open\src\hotspot\share\interpreter\linkResolver.cpp, line 759]
Event: 0.568 Thread 0x000001ce3f3a6a20 Implicit null exception at 0x000001ce4e76e38c to 0x000001ce4e76e8d0
Event: 0.568 Thread 0x000001ce3f3a6a20 Implicit null exception at 0x000001ce4e75ec0f to 0x000001ce4e75f158
Event: 0.578 Thread 0x000001ce3f3a6a20 Exception <a 'java/lang/NoSuchMethodError'{0x00000000ff7d31f8}: 'java.lang.Object java.lang.invoke.DirectMethodHandle$Holder.invokeStaticInit(java.lang.Object)'> (0x00000000ff7d31f8) 
thrown [s\open\src\hotspot\share\interpreter\linkResolver.cpp, line 759]
Event: 0.599 Thread 0x000001ce3f3a6a20 Exception <a 'java/lang/NoSuchMethodError'{0x00000000ff664640}: 'int java.lang.invoke.DirectMethodHandle$Holder.invokeVirtual(java.lang.Object, java.lang.Object, java.lang.Object)'> (0x00000000ff664640) 
thrown [s\open\src\hotspot\share\interpreter\linkResolver.cpp, line 759]
Event: 0.603 Thread 0x000001ce3f3a6a20 Exception <a 'java/lang/NoSuchMethodError'{0x00000000ff6a81f0}: 'java.lang.Object java.lang.invoke.DirectMethodHandle$Holder.invokeVirtual(java.lang.Object, java.lang.Object, java.lang.Object)'> (0x00000000ff6a81f0) 
thrown [s\open\src\hotspot\share\interpreter\linkResolver.cpp, line 759]
Event: 0.644 Thread 0x000001ce3f3a6a20 Exception <a 'java/lang/NoSuchMethodError'{0x00000000ff25c588}: 'java.lang.Object java.lang.invoke.DirectMethodHandle$Holder.invokeStaticInit(java.lang.Object, int, int, int, int)'> (0x00000000ff25c588) 
thrown [s\open\src\hotspot\share\interpreter\linkResolver.cpp, line 759]
Event: 0.674 Thread 0x000001ce3f3a6a20 Exception <a 'java/lang/NoSuchMethodError'{0x00000000ff1348a8}: 'java.lang.Object java.lang.invoke.DirectMethodHandle$Holder.invokeStaticInit(java.lang.Object, java.lang.Object, int, int, int, int)'> (0x00000000ff1348a8) 
thrown [s\open\src\hotspot\share\interpreter\linkResolver.cpp, line 759]
Event: 0.722 Thread 0x000001ce3f3a6a20 Exception <a 'java/lang/NoSuchMethodError'{0x00000000ff161320}: 'void java.lang.invoke.DirectMethodHandle$Holder.invokeStatic(java.lang.Object, java.lang.Object, java.lang.Object)'> (0x00000000ff161320) 
thrown [s\open\src\hotspot\share\interpreter\linkResolver.cpp, line 759]
Event: 0.730 Thread 0x000001ce3f3a6a20 Implicit null exception at 0x000001ce4e754c72 to 0x000001ce4e7552b4
Event: 0.730 Thread 0x000001ce3f3a6a20 Implicit null exception at 0x000001ce4e769bf2 to 0x000001ce4e76a248

VM Operations (20 events):
Event: 25.938 Executing VM operation: Cleanup
Event: 25.938 Executing VM operation: Cleanup done
Event: 26.941 Executing VM operation: Cleanup
Event: 26.941 Executing VM operation: Cleanup done
Event: 32.969 Executing VM operation: Cleanup
Event: 32.969 Executing VM operation: Cleanup done
Event: 34.988 Executing VM operation: Cleanup
Event: 34.988 Executing VM operation: Cleanup done
Event: 40.034 Executing VM operation: Cleanup
Event: 40.034 Executing VM operation: Cleanup done
Event: 41.045 Executing VM operation: Cleanup
Event: 41.046 Executing VM operation: Cleanup done
Event: 43.067 Executing VM operation: Cleanup
Event: 43.067 Executing VM operation: Cleanup done
Event: 45.090 Executing VM operation: Cleanup
Event: 45.090 Executing VM operation: Cleanup done
Event: 47.106 Executing VM operation: Cleanup
Event: 47.106 Executing VM operation: Cleanup done
Event: 49.129 Executing VM operation: Cleanup
Event: 49.129 Executing VM operation: Cleanup done

Events (20 events):
Event: 5.820 loading class jdk/internal/logger/LoggerFinderLoader
Event: 5.820 loading class jdk/internal/logger/LoggerFinderLoader done
Event: 5.821 loading class jdk/internal/logger/LoggerFinderLoader$TemporaryLoggerFinder
Event: 5.821 loading class jdk/internal/logger/LoggerFinderLoader$TemporaryLoggerFinder done
Event: 5.821 loading class sun/util/logging/internal/LoggingProviderImpl$JULWrapper
Event: 5.821 loading class sun/util/logging/PlatformLogger$ConfigurableBridge$LoggerConfiguration
Event: 5.821 loading class sun/util/logging/PlatformLogger$ConfigurableBridge$LoggerConfiguration done
Event: 5.821 loading class sun/util/logging/internal/LoggingProviderImpl$JULWrapper done
Event: 5.821 loading class java/io/ObjectInputFilter
Event: 5.822 loading class java/io/ObjectInputFilter done
Event: 5.822 loading class java/io/ObjectInputFilter$Config$BuiltinFilterFactory
Event: 5.822 loading class java/io/ObjectInputFilter$Config$BuiltinFilterFactory done
Event: 5.822 loading class jdk/internal/access/JavaObjectInputFilterAccess
Event: 5.822 loading class jdk/internal/access/JavaObjectInputFilterAccess done
Event: 5.823 loading class java/lang/System$Logger$Level
Event: 5.823 loading class java/lang/System$Logger$Level done
Event: 5.823 loading class java/io/Bits
Event: 5.823 loading class java/io/Bits done
Event: 5.825 loading class java/util/ArrayList$ListItr
Event: 5.825 loading class java/util/ArrayList$ListItr done


Dynamic libraries:
0x00007ff7e5200000 - 0x00007ff7e5210000 	E:\java\jdk-17\bin\java.exe
0x00007ffb3fe10000 - 0x00007ffb40027000 	C:\WINDOWS\SYSTEM32\ntdll.dll
0x00007ffb3ec10000 - 0x00007ffb3ecd4000 	C:\WINDOWS\System32\KERNEL32.DLL
0x00007ffb3d170000 - 0x00007ffb3d51c000 	C:\WINDOWS\System32\KERNELBASE.dll
0x00007ffb3d8f0000 - 0x00007ffb3da01000 	C:\WINDOWS\System32\ucrtbase.dll
0x00007ffb26dc0000 - 0x00007ffb26ddb000 	E:\java\jdk-17\bin\VCRUNTIME140.dll
0x00007ffb2e910000 - 0x00007ffb2e929000 	E:\java\jdk-17\bin\jli.dll
0x00007ffb3e8b0000 - 0x00007ffb3e962000 	C:\WINDOWS\System32\ADVAPI32.dll
0x00007ffb3e750000 - 0x00007ffb3e7f7000 	C:\WINDOWS\System32\msvcrt.dll
0x00007ffb3e800000 - 0x00007ffb3e8aa000 	C:\WINDOWS\System32\sechost.dll
0x00007ffb3d520000 - 0x00007ffb3d548000 	C:\WINDOWS\System32\bcrypt.dll
0x00007ffb3f450000 - 0x00007ffb3f565000 	C:\WINDOWS\System32\RPCRT4.dll
0x00007ffb3e5a0000 - 0x00007ffb3e74e000 	C:\WINDOWS\System32\USER32.dll
0x00007ffb262f0000 - 0x00007ffb26583000 	C:\WINDOWS\WinSxS\amd64_microsoft.windows.common-controls_6595b64144ccf1df_6.0.22621.3672_none_2713b9d173822955\COMCTL32.dll
0x00007ffb3d140000 - 0x00007ffb3d166000 	C:\WINDOWS\System32\win32u.dll
0x00007ffb3ef30000 - 0x00007ffb3ef59000 	C:\WINDOWS\System32\GDI32.dll
0x00007ffb3d5f0000 - 0x00007ffb3d709000 	C:\WINDOWS\System32\gdi32full.dll
0x00007ffb3d550000 - 0x00007ffb3d5ea000 	C:\WINDOWS\System32\msvcp_win.dll
0x00007ffb36800000 - 0x00007ffb3680a000 	C:\WINDOWS\SYSTEM32\VERSION.dll
0x00007ffb3f750000 - 0x00007ffb3f781000 	C:\WINDOWS\System32\IMM32.DLL
0x00007ffb36560000 - 0x00007ffb3656c000 	E:\java\jdk-17\bin\vcruntime140_1.dll
0x00007ffafe550000 - 0x00007ffafe5de000 	E:\java\jdk-17\bin\msvcp140.dll
0x00007ffad0490000 - 0x00007ffad106f000 	E:\java\jdk-17\bin\server\jvm.dll
0x00007ffb3dd20000 - 0x00007ffb3dd28000 	C:\WINDOWS\System32\PSAPI.DLL
0x00007ffb36810000 - 0x00007ffb36844000 	C:\WINDOWS\SYSTEM32\WINMM.dll
0x00007ffb32e30000 - 0x00007ffb32e39000 	C:\WINDOWS\SYSTEM32\WSOCK32.dll
0x00007ffb3dca0000 - 0x00007ffb3dd11000 	C:\WINDOWS\System32\WS2_32.dll
0x00007ffb3c130000 - 0x00007ffb3c148000 	C:\WINDOWS\SYSTEM32\kernel.appcore.dll
0x00007ffb2e870000 - 0x00007ffb2e87a000 	E:\java\jdk-17\bin\jimage.dll
0x00007ffb3a970000 - 0x00007ffb3aba2000 	C:\WINDOWS\SYSTEM32\DBGHELP.DLL
0x00007ffb3f060000 - 0x00007ffb3f3e8000 	C:\WINDOWS\System32\combase.dll
0x00007ffb3f670000 - 0x00007ffb3f747000 	C:\WINDOWS\System32\OLEAUT32.dll
0x00007ffb32b80000 - 0x00007ffb32bb2000 	C:\WINDOWS\SYSTEM32\dbgcore.DLL
0x00007ffb3dad0000 - 0x00007ffb3db4b000 	C:\WINDOWS\System32\bcryptPrimitives.dll
0x00007ffb13480000 - 0x00007ffb134a5000 	E:\java\jdk-17\bin\java.dll
0x00007ffaf8010000 - 0x00007ffaf80e7000 	E:\java\jdk-17\bin\jsvml.dll
0x00007ffb3dd30000 - 0x00007ffb3e58c000 	C:\WINDOWS\System32\SHELL32.dll
0x00007ffb3b040000 - 0x00007ffb3b937000 	C:\WINDOWS\SYSTEM32\windows.storage.dll
0x00007ffb3af00000 - 0x00007ffb3b03f000 	C:\WINDOWS\SYSTEM32\wintypes.dll
0x00007ffb3f570000 - 0x00007ffb3f664000 	C:\WINDOWS\System32\SHCORE.dll
0x00007ffb3dbd0000 - 0x00007ffb3dc2e000 	C:\WINDOWS\System32\shlwapi.dll
0x00007ffb3d070000 - 0x00007ffb3d091000 	C:\WINDOWS\SYSTEM32\profapi.dll
0x00007ffb0b5e0000 - 0x00007ffb0b5f9000 	E:\java\jdk-17\bin\net.dll
0x00007ffb39410000 - 0x00007ffb39546000 	C:\WINDOWS\SYSTEM32\WINHTTP.dll
0x00007ffb3c5a0000 - 0x00007ffb3c609000 	C:\WINDOWS\system32\mswsock.dll
0x00007ffb080c0000 - 0x00007ffb080d6000 	E:\java\jdk-17\bin\nio.dll
0x00007ffb077e0000 - 0x00007ffb077f8000 	E:\java\jdk-17\bin\zip.dll
0x00007ffb081b0000 - 0x00007ffb081c0000 	E:\java\jdk-17\bin\verify.dll
0x00007ffb05040000 - 0x00007ffb05067000 	C:\Users\hp\.gradle\native\c067742578af261105cb4f569cf0c3c89f3d7b1fecec35dd04571415982c5e48\windows-amd64\native-platform.dll
0x00007ffb382a0000 - 0x00007ffb382aa000 	C:\Users\hp\.gradle\native\jansi\1.18\windows64\jansi.dll
0x00007ffb14070000 - 0x00007ffb1407a000 	E:\java\jdk-17\bin\management.dll
0x00007ffb13e30000 - 0x00007ffb13e3b000 	E:\java\jdk-17\bin\management_ext.dll
0x00007ffb3c830000 - 0x00007ffb3c84b000 	C:\WINDOWS\SYSTEM32\CRYPTSP.dll
0x00007ffb3c090000 - 0x00007ffb3c0c5000 	C:\WINDOWS\system32\rsaenh.dll
0x00007ffb3c660000 - 0x00007ffb3c688000 	C:\WINDOWS\SYSTEM32\USERENV.dll
0x00007ffb3c820000 - 0x00007ffb3c82c000 	C:\WINDOWS\SYSTEM32\CRYPTBASE.dll
0x00007ffb3bba0000 - 0x00007ffb3bbcd000 	C:\WINDOWS\SYSTEM32\IPHLPAPI.DLL
0x00007ffb3ee90000 - 0x00007ffb3ee99000 	C:\WINDOWS\System32\NSI.dll
0x00007ffb39290000 - 0x00007ffb392a9000 	C:\WINDOWS\SYSTEM32\dhcpcsvc6.DLL
0x00007ffb39270000 - 0x00007ffb3928f000 	C:\WINDOWS\SYSTEM32\dhcpcsvc.DLL
0x00007ffb3bbd0000 - 0x00007ffb3bcc8000 	C:\WINDOWS\SYSTEM32\DNSAPI.dll
0x00007ffb13440000 - 0x00007ffb1344e000 	E:\java\jdk-17\bin\sunmscapi.dll
0x00007ffb3d780000 - 0x00007ffb3d8e7000 	C:\WINDOWS\System32\CRYPT32.dll
0x00007ffb3ca00000 - 0x00007ffb3ca2e000 	C:\WINDOWS\SYSTEM32\ncrypt.dll
0x00007ffb3c9c0000 - 0x00007ffb3c9f7000 	C:\WINDOWS\SYSTEM32\NTASN1.dll
0x00007ffaead20000 - 0x00007ffaead28000 	C:\WINDOWS\system32\wshunix.dll

dbghelp: loaded successfully - version: 4.0.5 - missing functions: none
symbol engine: initialized successfully - sym options: 0x614 - pdb path: .;E:\java\jdk-17\bin;C:\WINDOWS\SYSTEM32;C:\WINDOWS\WinSxS\amd64_microsoft.windows.common-controls_6595b64144ccf1df_6.0.22621.3672_none_2713b9d173822955;E:\java\jdk-17\bin\server;C:\Users\hp\.gradle\native\c067742578af261105cb4f569cf0c3c89f3d7b1fecec35dd04571415982c5e48\windows-amd64;C:\Users\hp\.gradle\native\jansi\1.18\windows64

VM Arguments:
jvm_args: -Xmx64m -Xms64m -Dorg.gradle.appname=gradlew 
java_command: org.gradle.wrapper.GradleWrapperMain assembleRelease --warning-mode all --stacktrace
java_class_path (initial): E:\sathya-sai-grama internship\SathyaSaiGrama\android\\gradle\wrapper\gradle-wrapper.jar
Launcher Type: SUN_STANDARD

[Global flags]
     intx CICompilerCount                          = 4                                         {product} {ergonomic}
     uint ConcGCThreads                            = 2                                         {product} {ergonomic}
     uint G1ConcRefinementThreads                  = 8                                         {product} {ergonomic}
   size_t G1HeapRegionSize                         = 1048576                                   {product} {ergonomic}
    uintx GCDrainStackTargetSize                   = 64                                        {product} {ergonomic}
   size_t InitialHeapSize                          = 67108864                                  {product} {command line}
   size_t MarkStackSize                            = 4194304                                   {product} {ergonomic}
   size_t MaxHeapSize                              = 67108864                                  {product} {command line}
   size_t MaxNewSize                               = 39845888                                  {product} {ergonomic}
   size_t MinHeapDeltaBytes                        = 1048576                                   {product} {ergonomic}
   size_t MinHeapSize                              = 67108864                                  {product} {command line}
    uintx NonNMethodCodeHeapSize                   = 5839372                                {pd product} {ergonomic}
    uintx NonProfiledCodeHeapSize                  = 122909434                              {pd product} {ergonomic}
    uintx ProfiledCodeHeapSize                     = 122909434                              {pd product} {ergonomic}
    uintx ReservedCodeCacheSize                    = 251658240                              {pd product} {ergonomic}
     bool SegmentedCodeCache                       = true                                      {product} {ergonomic}
   size_t SoftMaxHeapSize                          = 67108864                               {manageable} {ergonomic}
     bool UseCompressedClassPointers               = true                           {product lp64_product} {ergonomic}
     bool UseCompressedOops                        = true                           {product lp64_product} {ergonomic}
     bool UseG1GC                                  = true                                      {product} {ergonomic}
     bool UseLargePagesIndividualAllocation        = false                                  {pd product} {ergonomic}

Logging:
Log output configuration:
 #0: stdout all=warning uptime,level,tags
 #1: stderr all=off uptime,level,tags

Environment Variables:
JAVA_HOME=E:\java\jdk-17
CLASSPATH=E:\sathya-sai-grama internship\SathyaSaiGrama\android\\gradle\wrapper\gradle-wrapper.jar
PATH=C:\Program Files\Common Files\Oracle\Java\javapath;E:\python 3.11\Scripts\;E:\python 3.11\;C:\Windows\system32;C:\Windows;C:\Windows\System32\Wbem;C:\Windows\System32\WindowsPowerShell\v1.0\;C:\Windows\System32\OpenSSH\;E:\java software;C:\WINDOWS\system32;C:\WINDOWS;C:\WINDOWS\System32\Wbem;C:\WINDOWS\System32\WindowsPowerShell\v1.0\;C:\WINDOWS\System32\OpenSSH\;E:\minGW\bin;E:\java\jdk-17\bin;E:\Python;E:\sql plus\instantclient_21_11;E:\git\Git\cmd;C:\Program Files\MongoDB\Server\7.0\bin;D:\Software\mysql-connector-j-8.3.0\mysql-connector-j-8.3.0.jar;E:\flutter\bin;C:\ProgramData\chocolatey\bin;E:\Node js\;E:\Android\Sdk\platform-tools;E:\Android\Sdk\emulator;E:\kotlinc\bin;E:\PuTTY\;E:\Visual Studio Code\Microsoft VS Code\bin;C:\Users\hp\AppData\Local\Microsoft\WindowsApps;C:\MinGW\bin;E:\java\jdk-17\bin;C:\Program Files\MongoDB\Server\7.0\bin;E:\mongodb shell\;E:\flutter\bin;C:\Users\hp\AppData\Roaming\npm;
USERNAME=Vivek
LANG=en_US.UTF-8
OS=Windows_NT
PROCESSOR_IDENTIFIER=Intel64 Family 6 Model 140 Stepping 1, GenuineIntel



---------------  S Y S T E M  ---------------

OS:
 Windows 11 , 64 bit Build 22621 (10.0.22621.3672)
OS uptime: 0 days 8:14 hours
Hyper-V role detected

CPU: total 8 (initial active 8) (4 cores per cpu, 2 threads per core) family 6 model 140 stepping 1 microcode 0xb4, cx8, cmov, fxsr, ht, mmx, 3dnowpref, sse, sse2, sse3, ssse3, sse4.1, sse4.2, popcnt, lzcnt, tsc, tscinvbit, avx, avx2, aes, erms, clmul, bmi1, bmi2, adx, avx512f, avx512dq, avx512cd, avx512bw, avx512vl, sha, fma, vzeroupper, avx512_vpopcntdq, avx512_vpclmulqdq, avx512_vaes, avx512_vnni, clflush, clflushopt, clwb, avx512_vbmi2, avx512_vbmi, hv

Memory: 4k page, system-wide physical 16026M (1850M free)
TotalPageFile size 18074M (AvailPageFile size 2M)
current process WorkingSet (physical memory assigned to process): 91M, peak: 103M
current process commit charge ("private bytes"): 163M, peak: 176M

vm_info: Java HotSpot(TM) 64-Bit Server VM (17.0.10+11-LTS-240) for windows-amd64 JRE (17.0.10+11-LTS-240), built on Dec 19 2023 21:47:25 by "mach5one" with MS VC++ 17.1 (VS2022)

END.
